<?xml version="1.0" encoding="UTF-8"?>
<testsuite xmlns:xsi="http://www.w3.org/2001/XMLSchema-instance" xsi:noNamespaceSchemaLocation="https://maven.apache.org/surefire/maven-surefire-plugin/xsd/surefire-test-report-3.0.xsd" version="3.0" name="automatizado.page.LoginPO" time="0.051" tests="1" errors="1" skipped="0" failures="0">
  <properties>
[...]
</properties>
  <testcase name="initializationError" classname="automatizado.page.LoginPO" time="0.003">
    <error message="Test class should have exactly one public zero-argument constructor" type="java.lang.Exception"><![CDATA[java.lang.Exception: Test class should have exactly one public zero-argument constructor
	at org.junit.runners.BlockJUnit4ClassRunner.validateZeroArgConstructor(BlockJUnit4ClassRunner.java:147)
	at org.junit.runners.BlockJUnit4ClassRunner.validateConstructor(BlockJUnit4ClassRunner.java:124)
	at org.junit.runners.BlockJUnit4ClassRunner.collectInitializationErrors(BlockJUnit4ClassRunner.java:103)
	at org.junit.runners.ParentRunner.validate(ParentRunner.java:355)
	at org.junit.runners.ParentRunner.<init>(ParentRunner.java:76)
	at org.junit.runners.BlockJUnit4ClassRunner.<init>(BlockJUnit4ClassRunner.java:57)
	at org.junit.internal.builders.JUnit4Builder.runnerForClass(JUnit4Builder.java:10)
	at org.junit.runners.model.RunnerBuilder.safeRunnerForClass(RunnerBuilder.java:59)
	at org.junit.internal.builders.AllDefaultPossibilitiesBuilder.runnerForClass(AllDefaultPossibilitiesBuilder.java:26)
	at org.junit.runners.model.RunnerBuilder.safeRunnerForClass(RunnerBuilder.java:59)
	at org.junit.internal.requests.ClassRequest.getRunner(ClassRequest.java:26)
	at org.junit.internal.requests.FilterRequest.getRunner(FilterRequest.java:31)
	at org.apache.maven.surefire.junit4.JUnit4Provider.execute(JUnit4Provider.java:314)
	at org.apache.maven.surefire.junit4.JUnit4Provider.executeWithRerun(JUnit4Provider.java:240)
	at org.apache.maven.surefire.junit4.JUnit4Provider.executeTestSet(JUnit4Provider.java:214)
	at org.apache.maven.surefire.junit4.JUnit4Provider.invoke(JUnit4Provider.java:155)
	at org.apache.maven.surefire.booter.ForkedBooter.runSuitesInProcess(ForkedBooter.java:385)
	at org.apache.maven.surefire.booter.ForkedBooter.execute(ForkedBooter.java:162)
	at org.apache.maven.surefire.booter.ForkedBooter.run(ForkedBooter.java:507)
	at org.apache.maven.surefire.booter.ForkedBooter.main(ForkedBooter.java:495)
]]></error>
  </testcase>
</testsuite>